This is pdfTeX, Version 3.141592653-2.6-1.40.22 (TeX Live 2022/dev/Debian) (preloaded format=pdflatex 2025.2.19)  21 FEB 2025 12:16
entering extended mode
 restricted \write18 enabled.
 file:line:error style messages enabled.
 %&-line parsing enabled.
**/home/othelloengineer/coding/sem8/eris/brain/template.tex
(/home/othelloengineer/coding/sem8/eris/brain/template.tex
LaTeX2e <2021-11-15> patch level 1
L3 programming layer <2022-01-21>

/home/othelloengineer/coding/sem8/eris/brain/template.tex:1: LaTeX Error: Missing \begin{document}.

See the LaTeX manual or LaTeX Companion for explanation.
Type  H <return>  for immediate help.
 ...                                              
                                                  
l.1 $
     passoptions.latex()$
You're in trouble here.  Try typing  <return>  to proceed.
If that doesn't work, type  X <return>  to quit.

LaTeX Font Info:    External font `cmex10' loaded for size
(Font)              <7> on input line 1.
LaTeX Font Info:    External font `cmex10' loaded for size
(Font)              <5> on input line 1.

! LaTeX Error: File `$documentclass$.cls' not found.

Type X to quit or <RETURN> to proceed,
or enter new name. (Default extension: cls)

Enter file name: 
/home/othelloengineer/coding/sem8/eris/brain/template.tex:19: Emergency stop.
<read *> 
         
l.19 $
      if(beamerarticle)$^^M
*** (cannot \read from terminal in nonstop modes)

 
Here is how much of TeX's memory you used:
 27 strings out of 480247
 708 string characters out of 5896151
 285273 words of memory out of 5000000
 18067 multiletter control sequences out of 15000+600000
 469259 words of font info for 28 fonts, out of 8000000 for 9000
 14 hyphenation exceptions out of 8191
 19i,1n,29p,111b,56s stack positions out of 5000i,500n,10000p,200000b,80000s
/home/othelloengineer/coding/sem8/eris/brain/template.tex:19:  ==> Fatal error occurred, no output PDF file produced!
