This is pdfTeX, Version 3.141592653-2.6-1.40.22 (TeX Live 2022/dev/Debian) (preloaded format=pdflatex 2025.2.19)  21 FEB 2025 12:18
entering extended mode
 restricted \write18 enabled.
 file:line:error style messages enabled.
 %&-line parsing enabled.
**/home/othelloengineer/coding/sem8/eris/brain/out-logs/iee-pandoc-conf.tex
(/home/othelloengineer/coding/sem8/eris/brain/out-logs/iee-pandoc-conf.tex
LaTeX2e <2021-11-15> patch level 1
L3 programming layer <2022-01-21>

! LaTeX Error: File `ieeetran.cls' not found.

Type X to quit or <RETURN> to proceed,
or enter new name. (Default extension: cls)

Enter file name: 
/home/othelloengineer/coding/sem8/eris/brain/out-logs/iee-pandoc-conf.tex:2: Emergency stop.
<read *> 
         
l.2 ^^M
       
*** (cannot \read from terminal in nonstop modes)

 
Here is how much of TeX's memory you used:
 25 strings out of 480247
 700 string characters out of 5896151
 283961 words of memory out of 5000000
 18065 multiletter control sequences out of 15000+600000
 469259 words of font info for 28 fonts, out of 8000000 for 9000
 14 hyphenation exceptions out of 8191
 19i,0n,29p,160b,17s stack positions out of 5000i,500n,10000p,200000b,80000s
/home/othelloengineer/coding/sem8/eris/brain/out-logs/iee-pandoc-conf.tex:2:  ==> Fatal error occurred, no output PDF file produced!
